<?xml version="1.0" encoding="UTF-8"?>
<!-- Generated by org.testng.reporters.JUnitReportReporter -->
<testsuite hostname="Razin-Anik" name="ngScripts.yahooSignupV1" tests="1" failures="0" timestamp="5 Jul 2020 16:08:58 GMT" time="4.727" errors="0">
  <testcase name="validateSignup" time="4.727" classname="ngScripts.yahooSignupV1"/>
</testsuite> <!-- ngScripts.yahooSignupV1 -->
