<?xml version="1.0" encoding="UTF-8"?>
<!-- Generated by org.testng.reporters.JUnitReportReporter -->
<testsuite hostname="Razin-Anik" name="ngScripts.yahooSignupData" tests="1" failures="0" timestamp="12 Jul 2020 16:45:09 GMT" time="1.453" errors="0">
  <testcase name="validateSignupData" time="1.453" classname="ngScripts.yahooSignupData"/>
</testsuite> <!-- ngScripts.yahooSignupData -->
