<?xml version="1.0" encoding="UTF-8"?>
<!-- Generated by org.testng.reporters.JUnitReportReporter -->
<testsuite hostname="Razin-Anik" name="ngScripts.messengerTest" tests="6" failures="0" timestamp="12 Jul 2020 15:57:39 GMT" time="3.070" errors="0">
  <testcase name="validatefeaturemenuAvailable" time="0.058" classname="ngScripts.messengerTest"/>
  <testcase name="validateUrl" time="2.485" classname="ngScripts.messengerTest"/>
  <testcase name="validateprivacymenuAvailable" time="0.054" classname="ngScripts.messengerTest"/>
  <testcase name="validatemessangerLink" time="0.419" classname="ngScripts.messengerTest"/>
  <testcase name="validateRoomsmenuAvailable" time="0.044" classname="ngScripts.messengerTest"/>
  <testcase name="validateTtitle" time="0.010" classname="ngScripts.messengerTest"/>
</testsuite> <!-- ngScripts.messengerTest -->
