<?xml version="1.0" encoding="UTF-8"?>
<!-- Generated by org.testng.reporters.JUnitReportReporter -->
<testsuite hostname="Razin-Anik" name="ngScripts.yahooSignUpv2" tests="1" failures="0" timestamp="12 Jul 2020 15:44:37 GMT" time="4.233" errors="0">
  <testcase name="validateSignup" time="4.233" classname="ngScripts.yahooSignUpv2"/>
</testsuite> <!-- ngScripts.yahooSignUpv2 -->
