<?xml version="1.0" encoding="UTF-8"?>
<!-- Generated by org.testng.reporters.JUnitReportReporter -->
<testsuite hostname="Razin-Anik" name="ngScripts.basicNGOne" tests="2" failures="0" timestamp="5 Jul 2020 15:54:12 GMT" time="0.010" errors="0">
  <testcase name="validateTitle" time="0.007" classname="ngScripts.basicNGOne"/>
  <testcase name="validateUrl" time="0.003" classname="ngScripts.basicNGOne"/>
</testsuite> <!-- ngScripts.basicNGOne -->
