<?xml version="1.0" encoding="UTF-8"?>
<!-- Generated by org.testng.reporters.JUnitReportReporter -->
<testsuite hostname="Razin-Anik" name="ngScripts.basicNg" tests="1" failures="0" timestamp="5 Jul 2020 16:32:44 GMT" time="0.011" errors="0">
  <testcase name="atest" time="0.011" classname="ngScripts.basicNg"/>
</testsuite> <!-- ngScripts.basicNg -->
