<?xml version="1.0" encoding="UTF-8"?>
<!-- Generated by org.testng.reporters.JUnitReportReporter -->
<testsuite hostname="Razin-Anik" name="ngScripts.yahooSignUpv2" tests="1" failures="0" timestamp="5 Jul 2020 16:26:40 GMT" time="4.622" errors="0">
  <testcase name="validateSignup" time="4.622" classname="ngScripts.yahooSignUpv2"/>
</testsuite> <!-- ngScripts.yahooSignUpv2 -->
