<?xml version="1.0" encoding="UTF-8"?>
<!-- Generated by org.testng.reporters.JUnitReportReporter -->
<testsuite name="ngScripts.basicNGOne" tests="2" time="0.005" ignored="0" failures="0" timestamp="09 Aug 2020 15:33:49 GMT" skipped="0" hostname="Razin-Anik" errors="0">
  <testcase name="validateUrl" time="0.003" classname="ngScripts.basicNGOne"/>
  <testcase name="validateTitle" time="0.002" classname="ngScripts.basicNGOne"/>
</testsuite> <!-- ngScripts.basicNGOne -->
