<?xml version="1.0" encoding="UTF-8"?>
<!-- Generated by org.testng.reporters.JUnitReportReporter -->
<testsuite name="ngScripts.yahooSignUpv2" tests="1" time="4.272" ignored="0" failures="0" timestamp="09 Aug 2020 15:33:49 GMT" skipped="0" hostname="Razin-Anik" errors="0">
  <testcase name="validateSignup" time="4.272" classname="ngScripts.yahooSignUpv2"/>
</testsuite> <!-- ngScripts.yahooSignUpv2 -->
