<?xml version="1.0" encoding="UTF-8"?>
<!-- Generated by org.testng.reporters.JUnitReportReporter -->
<testsuite name="ngScripts.messengerTest" tests="6" time="3.609" ignored="0" failures="0" timestamp="09 Aug 2020 15:33:49 GMT" skipped="0" hostname="Razin-Anik" errors="0">
  <testcase name="validateRoomsmenuAvailable" time="0.043" classname="ngScripts.messengerTest"/>
  <testcase name="validateTtitle" time="0.009" classname="ngScripts.messengerTest"/>
  <testcase name="validateUrl" time="3.408" classname="ngScripts.messengerTest"/>
  <testcase name="validatemessangerLink" time="0.073" classname="ngScripts.messengerTest"/>
  <testcase name="validatefeaturemenuAvailable" time="0.042" classname="ngScripts.messengerTest"/>
  <testcase name="validateprivacymenuAvailable" time="0.034" classname="ngScripts.messengerTest"/>
</testsuite> <!-- ngScripts.messengerTest -->
